15/03/2021 10:57:43 SELECT * FROM information_schema.tables WHERE table_catalog = 'CDS' AND table_name = 'invites' 
15/03/2021 10:57:43 SELECT * FROM INFORMATION_SCHEMA.COLUMNS WHERE TABLE_CATALOG = 'CDS' AND TABLE_NAME = 'invites'
15/03/2021 10:57:43 SELECT is_identity FROM sys.columns WHERE object_id = object_id('CDS.dbo.invites') AND name = 'id'
15/03/2021 10:57:43 SELECT is_identity FROM sys.columns WHERE object_id = object_id('CDS.dbo.invites') AND name = 'nom'
15/03/2021 10:57:43 SELECT is_identity FROM sys.columns WHERE object_id = object_id('CDS.dbo.invites') AND name = 'prenom'
15/03/2021 10:57:43 SELECT is_identity FROM sys.columns WHERE object_id = object_id('CDS.dbo.invites') AND name = 'id_pl'
15/03/2021 10:57:43 SELECT is_identity FROM sys.columns WHERE object_id = object_id('CDS.dbo.invites') AND name = 'id_groupe'
15/03/2021 13:21:52 SELECT * FROM information_schema.tables WHERE table_catalog = 'CDS' AND table_name = 'invites' 
15/03/2021 13:21:52 SELECT * FROM INFORMATION_SCHEMA.COLUMNS WHERE TABLE_CATALOG = 'CDS' AND TABLE_NAME = 'invites'
15/03/2021 13:21:52 SELECT is_identity FROM sys.columns WHERE object_id = object_id('CDS.dbo.invites') AND name = 'id'
15/03/2021 13:21:52 SELECT is_identity FROM sys.columns WHERE object_id = object_id('CDS.dbo.invites') AND name = 'nom'
15/03/2021 13:21:52 SELECT is_identity FROM sys.columns WHERE object_id = object_id('CDS.dbo.invites') AND name = 'prenom'
15/03/2021 13:21:52 SELECT is_identity FROM sys.columns WHERE object_id = object_id('CDS.dbo.invites') AND name = 'id_pl'
15/03/2021 13:21:52 SELECT is_identity FROM sys.columns WHERE object_id = object_id('CDS.dbo.invites') AND name = 'id_groupe'
15/03/2021 13:39:00 SELECT * FROM information_schema.tables WHERE table_catalog = 'CDS' AND table_name = 'invites' 
15/03/2021 13:39:00 SELECT * FROM INFORMATION_SCHEMA.COLUMNS WHERE TABLE_CATALOG = 'CDS' AND TABLE_NAME = 'invites'
15/03/2021 13:39:00 SELECT is_identity FROM sys.columns WHERE object_id = object_id('CDS.dbo.invites') AND name = 'id'
15/03/2021 13:39:00 SELECT is_identity FROM sys.columns WHERE object_id = object_id('CDS.dbo.invites') AND name = 'nom'
15/03/2021 13:39:00 SELECT is_identity FROM sys.columns WHERE object_id = object_id('CDS.dbo.invites') AND name = 'prenom'
15/03/2021 13:39:00 SELECT is_identity FROM sys.columns WHERE object_id = object_id('CDS.dbo.invites') AND name = 'id_pl'
15/03/2021 13:39:00 SELECT is_identity FROM sys.columns WHERE object_id = object_id('CDS.dbo.invites') AND name = 'id_groupe'
15/03/2021 13:40:00 SELECT * FROM information_schema.tables WHERE table_catalog = 'CDS' AND table_name = 'invites' 
15/03/2021 13:40:37 SELECT * FROM information_schema.tables WHERE table_catalog = 'CDS' AND table_name = 'invites' 
15/03/2021 13:40:37 SELECT * FROM INFORMATION_SCHEMA.COLUMNS WHERE TABLE_CATALOG = 'CDS' AND TABLE_NAME = 'invites'
15/03/2021 13:40:37 SELECT is_identity FROM sys.columns WHERE object_id = object_id('CDS.dbo.invites') AND name = 'id'
15/03/2021 13:41:57 SELECT * FROM information_schema.tables WHERE table_catalog = 'CDS' AND table_name = 'invites' 
15/03/2021 13:41:57 SELECT * FROM INFORMATION_SCHEMA.COLUMNS WHERE TABLE_CATALOG = 'CDS' AND TABLE_NAME = 'invites'
15/03/2021 13:41:57 SELECT is_identity FROM sys.columns WHERE object_id = object_id('CDS.dbo.invites') AND name = 'id'
15/03/2021 15:58:13 SELECT * FROM information_schema.tables WHERE table_catalog = 'CDS' AND table_name = 'invites' 
15/03/2021 15:58:13 SELECT * FROM INFORMATION_SCHEMA.COLUMNS WHERE TABLE_CATALOG = 'CDS' AND TABLE_NAME = 'invites'
15/03/2021 15:58:13 SELECT is_identity FROM sys.columns WHERE object_id = object_id('CDS.dbo.invites') AND name = 'id'
15/03/2021 15:58:13 SELECT is_identity FROM sys.columns WHERE object_id = object_id('CDS.dbo.invites') AND name = 'nom'
15/03/2021 15:58:13 SELECT is_identity FROM sys.columns WHERE object_id = object_id('CDS.dbo.invites') AND name = 'prenom'
15/03/2021 15:58:13 SELECT is_identity FROM sys.columns WHERE object_id = object_id('CDS.dbo.invites') AND name = 'id_pl'
15/03/2021 15:58:13 SELECT is_identity FROM sys.columns WHERE object_id = object_id('CDS.dbo.invites') AND name = 'id_groupe'
15/03/2021 16:00:11 SELECT * FROM information_schema.tables WHERE table_catalog = 'CDS' AND table_name = 'invites' 
15/03/2021 16:00:11 SELECT * FROM INFORMATION_SCHEMA.COLUMNS WHERE TABLE_CATALOG = 'CDS' AND TABLE_NAME = 'invites'
15/03/2021 16:00:11 SELECT is_identity FROM sys.columns WHERE object_id = object_id('CDS.dbo.invites') AND name = 'id'
15/03/2021 16:00:11 SELECT is_identity FROM sys.columns WHERE object_id = object_id('CDS.dbo.invites') AND name = 'nom'
15/03/2021 16:00:11 SELECT is_identity FROM sys.columns WHERE object_id = object_id('CDS.dbo.invites') AND name = 'prenom'
15/03/2021 16:00:11 SELECT is_identity FROM sys.columns WHERE object_id = object_id('CDS.dbo.invites') AND name = 'id_pl'
15/03/2021 16:00:11 SELECT is_identity FROM sys.columns WHERE object_id = object_id('CDS.dbo.invites') AND name = 'id_groupe'
